build/app/outputs/mapping/release/mapping.txt
# compiler: R8
# compiler_version: 1.5.69
# min_api: 16
# pg_map_id: 5b09c6b
...
com.google.firebase.firestore.core.FirestoreClient$$Lambda$12 -> com.google.firebase.firestore.p0.s:
    com.google.common.base.Function arg$2 -> b
    com.google.firebase.firestore.core.FirestoreClient arg$1 -> a
    java.util.concurrent.Callable lambdaFactory$(com.google.firebase.firestore.core.FirestoreClient,com.google.common.base.Function) -> a
com.google.firebase.firestore.core.FirestoreClient$$Lambda$15 -> com.google.firebase.firestore.p0.t:
    com.google.firebase.firestore.core.FirestoreClient arg$1 -> a
    com.google.firebase.firestore.auth.User arg$2 -> b
    java.lang.Runnable lambdaFactory$(com.google.firebase.firestore.core.FirestoreClient,com.google.firebase.firestore.auth.User) -> a
com.google.firebase.firestore.core.FirestoreClient$$Lambda$2 -> com.google.firebase.firestore.p0.v:
    com.google.firebase.firestore.core.FirestoreClient arg$1 -> a
    java.util.concurrent.atomic.AtomicBoolean arg$2 -> b
    com.google.android.gms.tasks.TaskCompletionSource arg$3 -> c
    com.google.firebase.firestore.util.AsyncQueue arg$4 -> d
    com.google.firebase.firestore.util.Listener lambdaFactory$(com.google.firebase.firestore.core.FirestoreClient,java.util.concurrent.atomic.AtomicBoolean,com.google.android.gms.tasks.TaskCompletionSource,com.google.firebase.firestore.util.AsyncQueue) -> a
    void onValue(java.lang.Object) -> a
com.google.firebase.firestore.core.FirestoreClient$$Lambda$6 -> com.google.firebase.firestore.p0.w:
    com.google.firebase.firestore.core.FirestoreClient arg$1 -> a
    com.google.firebase.firestore.core.QueryListener arg$2 -> b
    java.lang.Runnable lambdaFactory$(com.google.firebase.firestore.core.FirestoreClient,com.google.firebase.firestore.core.QueryListener) -> a
com.google.firebase.firestore.core.FirestoreClient$$Lambda$7 -> com.google.firebase.firestore.p0.x:
    com.google.firebase.firestore.core.FirestoreClient arg$1 -> a
    com.google.firebase.firestore.core.QueryListener arg$2 -> b
    java.lang.Runnable lambdaFactory$(com.google.firebase.firestore.core.FirestoreClient,com.google.firebase.firestore.core.QueryListener) -> a
com.google.firebase.firestore.core.FirestoreClient$$Lambda$8 -> com.google.firebase.firestore.p0.y:
    com.google.firebase.firestore.core.FirestoreClient arg$1 -> a
    com.google.firebase.firestore.model.DocumentKey arg$2 -> b
    java.util.concurrent.Callable lambdaFactory$(com.google.firebase.firestore.core.FirestoreClient,com.google.firebase.firestore.model.DocumentKey) -> a
com.google.firebase.firestore.core.FirestoreClient$$Lambda$9 -> com.google.firebase.firestore.p0.z:
    com.google.firebase.firestore.core.FirestoreClient$$Lambda$9 instance -> a
    com.google.android.gms.tasks.Continuation lambdaFactory$() -> a
    java.lang.Object then(com.google.android.gms.tasks.Task) -> a
com.google.firebase.firestore.core.InFilter -> com.google.firebase.firestore.p0.b0:
    boolean matches(com.google.firebase.firestore.model.Document) -> a
com.google.firebase.firestore.core.KeyFieldFilter -> com.google.firebase.firestore.p0.c0:
    boolean matches(com.google.firebase.firestore.model.Document) -> a
com.google.firebase.firestore.core.KeyFieldInFilter -> com.google.firebase.firestore.p0.d0:
    boolean matches(com.google.firebase.firestore.model.Document) -> a
com.google.firebase.firestore.core.LimboDocumentChange -> com.google.firebase.firestore.p0.e0:
    com.google.firebase.firestore.model.DocumentKey key -> b
    com.google.firebase.firestore.core.LimboDocumentChange$Type type -> a
    com.google.firebase.firestore.model.DocumentKey getKey() -> a
    com.google.firebase.firestore.core.LimboDocumentChange$Type getType() -> b
com.google.firebase.firestore.core.LimboDocumentChange$Type -> com.google.firebase.firestore.p0.e0$a:
    com.google.firebase.firestore.core.LimboDocumentChange$Type ADDED -> a
    com.google.firebase.firestore.core.LimboDocumentChange$Type REMOVED -> b
    com.google.firebase.firestore.core.LimboDocumentChange$Type[] $VALUES -> c